<?xml version="1.0" encoding="UTF-8"?>
<testsuite name="ru.netology.rest.MobileBankApiTestV6" tests="1" skipped="0" failures="0" errors="0" timestamp="2023-08-05T09:03:08" hostname="UNA_MSK_ADM_2" time="1.003">
  <properties/>
  <testcase name="shouldReturnDemoAccounts()" classname="ru.netology.rest.MobileBankApiTestV6" time="1.003"/>
  <system-out><![CDATA[Request method:	GET
Request URI:	http://localhost:9999/api/v1/demo/accounts
Proxy:			<none>
Request params:	<none>
Query params:	<none>
Form params:	<none>
Path params:	<none>
Headers:		Accept=application/json, application/javascript, text/javascript, text/json
				Content-Type=application/json
Cookies:		<none>
Multiparts:		<none>
Body:			<none>
]]></system-out>
  <system-err><![CDATA[]]></system-err>
</testsuite>
